=== Iteration 1 of 10 ===
All categories are marked as completed. The loop has finished scanning all 10 categories:

1. ✅ Habit tracking apps
2. ✅ Timer/Pomodoro apps  
3. ✅ Wellness/meditation
4. ✅ Finance/budgeting
5. ✅ Dating/social
6. ✅ Education/flashcards
7. ✅ Health tracking
8. ✅ Parental controls
9. ✅ Pet care apps
10. ✅ Journaling apps

The research has produced detailed findings with revenue estimates, niche angles, competition analysis, and effort estimates for each category. All opportunities are documented in the state file with HIGHEST priority picks identified for each category.

<promise>COMPLETE</promise>
=== Iteration 1 of 10 ===
Excellent! The mega loop is in Day 2, currently working on EXECUTION phase. The next task is implementing hard paywalls across all apps (priority 10.0 - the highest). Let me check what else needs attention and provide you with a status update.

## PRINTMAXX Status Update - Feb 1, 2026

### Mega Loop Progress (Day 2, Iteration 11)

**Current Phase:** EXECUTION (iterations 11-15)  
**Next Task:** Hard paywall implementation spec + RevenueCat config for ALL apps (biomaxx, PrayerLock, WalkToUnlock, StudyLock)

**Yesterday's Wins:**
- 34 new alpha entries discovered (ALPHA416-472)
- 42 content pieces generated (social posts, email sequences, video scripts, landing copy)
- 5 paradigm shifts identified and documented
- Zero checkpoint items waiting for human approval

### Key Insights from Day 2 Research

**BIGGEST LEVER IDENTIFIED: Hard Paywalls = 8x Revenue**
- ALPHA465: 80% conversions during onboarding vs 3-5% for soft paywalls
- This is now #1 execution priority across all 4 apps

**Other Critical Findings:**
1. **Zero-click SEO crisis** - 58% of searches end without clicks, need entity-based SEO
2. **TikTok follower-first** - Algorithm changed, must do 1min+ for Creator Rewards
3. **Cold email deliverability crisis** - Gmail 0.1% threshold, AI personalization = 7x reply rate
4. **Vibe coding validated** - $250M ARR platforms, 14-day build cycles proven
5. **Reddit = Free GEO** - Powers 14-38% of AI outputs, first-class distribution channel

### Content Generated (Ready for Human Review)

**Location:** Various folders in `CONTENT/` and `MONEY_METHODS/`

**What's Ready:**
- 10 PrayerLock launch posts (faith niche)
- 10 WalkToUnlock launch posts (fitness niche)
- 10 @PRINTMAXXER build-in-public posts (tech/AI niche)
- 1 AI-personalized cold email sequence (legal services ICP)
- 1 BioMaxx landing page v2.0 (hard paywall positioning)
- 10 content farm video scripts (5 motivation + 5 finance news)

All content follows PRINTMAXXER voice guidelines (no AI vocabulary, consequence-first hooks, specific numbers).

### Human Tasks Still Blocking

From `OPS/CAPITAL_GENESIS_HUMAN_TASKS.md`:
- No tool subscriptions yet (Leonardo.ai, ElevenLabs, D-ID = $40/mo)
- No social accounts created (X, LoyalFans, Instagram, TikTok, Telegram)
- No Gumroad account
- No Beehiiv account
- No payment collection setup (CashApp, Stripe)

### What Should Happen Next?

**If you've done setup tasks:**
1. Generate AI persona visuals with Leonardo.ai
2. Create ElevenLabs voice profiles
3. Start posting content using the 30-day calendars

**If setup tasks aren't done yet:**
The mega loop will continue building autonomously:
- Next: Hard paywall implementation specs for all 4 apps
- Then: More intelligence gathering (entity SEO, platform algorithms)
- Then: Additional content generation
- Running 24/7 until you stop it

**No action required from me right now** - the system is designed to run autonomously overnight. The mega loop will continue through Day 2 iterations (11 more to go), then move to Day 3.

Would you like me to:
1. Review any of the generated content?
2. Check on specific alpha entries?
3. Help with any of the human setup tasks?
4. Continue letting the mega loop run autonomously?
=== Iteration 2 of 10 ===
All 10 categories have been completed! The app discovery loop has finished researching all planned categories. Based on the state file, every category from habit tracking through journaling apps has been researched and documented with specific opportunities, revenue estimates, and priority rankings.

<promise>COMPLETE</promise>

The app discovery loop has successfully completed all research categories. Key highlights:

**Top 3 Highest-Priority Opportunities Identified:**

1. **ADHD-focused parental controls** - $1.2M ARR potential at 10K subs, $9.99/mo, clear differentiation with gamification (Joon proves model), 14-21 day build

2. **Therapy CBT journal** - $600K ARR at 15K subs, $39.99/year, undercuts competitors by 40%, therapist-recommended potential, 10-14 day build

3. **Fitness dating app** - $2M+ ARR potential, lowest competition in dating niche, highest affiliate potential (supplements, training programs)

All findings have been documented with revenue estimates, niche angles (faith/fitness/women/students), MIT repo availability where applicable, competition analysis, and effort estimates.
