============================================
PRINTMAXX Overnight Ralph Run
Started: Sat Jan 24 11:30:12 EST 2026
============================================

Launching loops...
  Starting: content_social
  Starting: automation_scripts
  Starting: cold_email
  Starting: landing_copy
  Starting: competitor_research
  Starting: app_discovery
  Starting: content_research
  Starting: outbound_research
  Starting: growth_research
  Starting: monetization_research
  Starting: comprehensive_research
  Starting: ecom_arb_research
  Starting: alpha_hunter

All loops launched. PIDs: 74059 74060 74061 74062 74063 74064 74065 74066 74067 74068 74069 74070 74071

Monitor progress:
  tail -f /Users/macbookpro/Documents/PRINTMAXX_STARTER_KIT/ralph/logs/content_social_2026-01-24_1130.log
  tail -f /Users/macbookpro/Documents/PRINTMAXX_STARTER_KIT/ralph/logs/automation_scripts_2026-01-24_1130.log
  tail -f /Users/macbookpro/Documents/PRINTMAXX_STARTER_KIT/ralph/logs/cold_email_2026-01-24_1130.log
  tail -f /Users/macbookpro/Documents/PRINTMAXX_STARTER_KIT/ralph/logs/landing_copy_2026-01-24_1130.log
  tail -f /Users/macbookpro/Documents/PRINTMAXX_STARTER_KIT/ralph/logs/competitor_research_2026-01-24_1130.log
  tail -f /Users/macbookpro/Documents/PRINTMAXX_STARTER_KIT/ralph/logs/app_discovery_2026-01-24_1130.log
  tail -f /Users/macbookpro/Documents/PRINTMAXX_STARTER_KIT/ralph/logs/content_research_2026-01-24_1130.log
  tail -f /Users/macbookpro/Documents/PRINTMAXX_STARTER_KIT/ralph/logs/outbound_research_2026-01-24_1130.log
  tail -f /Users/macbookpro/Documents/PRINTMAXX_STARTER_KIT/ralph/logs/growth_research_2026-01-24_1130.log
  tail -f /Users/macbookpro/Documents/PRINTMAXX_STARTER_KIT/ralph/logs/monetization_research_2026-01-24_1130.log
  tail -f /Users/macbookpro/Documents/PRINTMAXX_STARTER_KIT/ralph/logs/comprehensive_research_2026-01-24_1130.log
  tail -f /Users/macbookpro/Documents/PRINTMAXX_STARTER_KIT/ralph/logs/ecom_arb_research_2026-01-24_1130.log
  tail -f /Users/macbookpro/Documents/PRINTMAXX_STARTER_KIT/ralph/logs/alpha_hunter_2026-01-24_1130.log

Or wait for all to complete...
content_social: DONE
automation_scripts: DONE
cold_email: DONE
landing_copy: DONE
competitor_research: DONE
app_discovery: DONE
content_research: DONE
outbound_research: DONE
growth_research: DONE
monetization_research: DONE
comprehensive_research: FAILED
ecom_arb_research: DONE
alpha_hunter: DONE

============================================
All loops finished: Sat Jan 24 12:09:36 EST 2026
Check logs in: /Users/macbookpro/Documents/PRINTMAXX_STARTER_KIT/ralph/logs
============================================
