=== Iteration 1 of 8 ===
All research categories have been completed. All 6 output files exist in LEDGER/GROWTH_OPPORTUNITIES/. The loop has successfully researched:

1. Platform changes (7,494 bytes)
2. Automation limits (10,626 bytes)
3. Growth hacks (13,355 bytes)
4. Services (12,756 bytes)
5. Tools (15,605 bytes)
6. Ban patterns (14,901 bytes)

<promise>COMPLETE</promise>
=== Iteration 1 of 8 ===
Excellent. Task EX-01 is complete. This is the single biggest revenue lever for the APP_FACTORY method - hard paywalls generating 8x more revenue than freemium models. 

The implementation includes:
- Complete onboarding flow spec (6 screens) for all 4 apps
- RevenueCat configuration guide with step-by-step iOS + Android setup
- Animated paywall design (2.9x conversion)
- Personalization strategy (+17% conversion)
- Annual-first pricing (44.1% retention vs 17% monthly)
- A/B testing framework
- Revenue projections: $9.9K-59.8K/mo across 4 apps
- Full TypeScript implementation examples
- App Store compliance guidelines
- Per-app problem framing and feature specifications

**Key Numbers:**
- 8x revenue vs freemium (ALPHA465)
- 80% conversion during onboarding
- 44.1% annual retention vs 17% monthly
- 2.9x conversion with animation
- +17% conversion with personalization

This spec is ready for immediate implementation. The next EXECUTION task (EX-03) will handle SEO critical fixes based on the zero-click crisis (58% of searches end without clicks) and the shift to entity-based SEO.

The mega loop is progressing through Day 2, iteration 12, with 1 of 5 EXECUTION tasks complete. The system is running exactly as designed - autonomous, strategic, and shipping high-leverage work.
=== Iteration 2 of 8 ===
All research categories have been completed as of 2026-01-24. The growth research loop has finished all 6 categories:

1. ✅ Platform changes
2. ✅ Automation limits  
3. ✅ Growth hacks
4. ✅ Services
5. ✅ Tools
6. ✅ Ban patterns

All findings have been written to `LEDGER/GROWTH_OPPORTUNITIES/` with dated output files.

Since today is 2026-02-01, this research is about 1 week old. Would you like me to:

1. **Run a fresh research cycle** for February 2026 (check for new platform updates, changed limits, new tools)
2. **Review the existing findings** from January to see what's there
3. **Update specific categories** that change frequently (like platform changes or automation limits)

Given the PRINTMAXX principle of aggressive action and the fact that platform/growth intel becomes stale quickly, I recommend running a fresh February 2026 research cycle to capture any changes from the last week.

What would you like me to do?

<promise>COMPLETE</promise>
