=== Iteration 1 of 8 ===
Perfect! The monetization research loop has been completed successfully. All 6 categories have been researched and 18 monetization opportunities have been documented with specific conversion data and implementation guidance.

## Summary

**Status:** All monetization research categories COMPLETE ✅

**Output:**
- 18 monetization opportunity files created in `LEDGER/MONETIZATION_OPPORTUNITIES/`
- Comprehensive INDEX.md with prioritization and implementation roadmap
- All opportunities include specific numbers, tools, and actionable steps

**Key Findings by Category:**

1. **Payment Methods** (3 opportunities)
   - RevenueCat IAP: 27% vs 18% web conversion (CRITICAL for apps)
   - BNPL: 10% cart recovery
   - Stripe Crypto: Early adopter advantage

2. **Pricing Strategies** (3 opportunities)
   - Quarterly A/B testing: 25% improvement
   - Annual plan anchoring: 20-32% lift
   - Custom product pages: 8.6% lift (69% not using it)

3. **Subscription Models** (3 opportunities)
   - 7-14 day trials: 45% conversion sweet spot
   - 30-40% annual discount: 2.4x more profitable
   - Hybrid usage-based: Captures power users

4. **Upsell Flows** (3 opportunities)
   - One-click post-purchase: 8-15% acceptance, 10-30% AOV lift
   - Order bumps: 2.5-3% conversion
   - Downsell retention: Prevent 100% churn

5. **Affiliate Tactics** (3 opportunities)
   - Email links: 5.3% conversion vs 1.25% social (4.24x better)
   - SaaS recurring: 30-70% lifetime commissions
   - DTC first-purchase: 10-15% commission

6. **Info Product Pricing** (3 opportunities)
   - Sweet spots: $97-$197 optimal
   - Good-Better-Best: Middle tier converts best
   - Payment plans: 50-300% conversion lift

**Implementation Priority:**
All opportunities are ranked by impact, with HIGHEST priority items delivering the biggest ROI with least effort.

<promise>COMPLETE</promise>
=== Iteration 1 of 8 ===
Perfect! Now the monetization research loop is complete. Let me output the completion signal.

<promise>COMPLETE</promise>

---

## Monetization Research Loop - COMPLETE ✓

**Total Opportunities Documented: 24** (18 from 2026-01-24 + 6 new from 2026-02-01)

### New Research Added (2026-02-01):

1. **Usage-Based SaaS Pricing** - 38% adoption, 40% enterprise by 2026, 20-30% conversion lift
2. **IAP Trial Length Optimization** - 17-32 days = 45.7% conversion (vs 30% for ≤4 days)
3. **Rewarded Video Ads** - $10-$20 CPM, 95% completion rate, 3.5x engagement vs traditional
4. **Influencer Sponsorship Rates** - $210 avg/post, platform-specific (TikTok highest engagement, YouTube highest production value)
5. **Bundle Pricing Strategies** - 55% AOV lift, 86% revenue per user increase, 30-150% for bundle orders
6. **Paywall Psychology** - 30-50% conversion lift from design optimization, animated elements work

### HIGHEST Priority Opportunities:

1. **Paywall Psychology (#24)** - 30-50% lift from design changes (IMMEDIATE WIN)
2. **IAP Trial Length (#20)** - 45.7% conversion with 17-32 days
3. **RevenueCat IAP vs Web (#3)** - 50% better conversion (27% vs 18%)
4. **Rewarded Video Ads (#21)** - $10-$20 CPM, 95% completion
5. **Bundle Pricing (#23)** - 55% AOV lift
6. **Usage-Based SaaS (#19)** - Mainstream 2026, 20-30% conversion lift

### Key 2026 Market Trends:

- **SaaS pricing up 11.4%** in 2025 (4x G7 inflation)
- **40% of enterprise SaaS** will use outcome-based pricing by 2026
- **In-app purchases convert 30% better** than web purchases
- **52% of trials now 5-9 days** (industry moving away from short trials)
- **Rewarded video dominates** mobile ad monetization ($10-$20 vs $2.80 banner)

### Files Created:

All opportunities documented in `LEDGER/MONETIZATION_OPPORTUNITIES/` with:
- Specific conversion numbers and benchmarks
- Implementation checklists
- Tools needed
- Expected results
- Anti-patterns to avoid
- Real case studies
- Synergies with PRINTMAXX money methods

**Next Action:** Review updated INDEX.md and implement HIGHEST priority items first (paywall psychology + trial length optimization for immediate 30-50% conversion lift on apps).
