[2026-03-05 03:45:36] SessionStart: No memories file found, skipping injection
[2026-03-05 03:45:52] SessionStart: Injecting 5 memories
[2026-03-05 06:54:41] SessionStart: Injecting 14 memories
[2026-03-05 06:54:41] SessionStart: Injecting 14 memories
[2026-03-05 06:54:41] SessionStart: Injecting 14 memories
[2026-03-05 07:00:23] Stop hook fired. Session: f20ceec5-aa72-4e6a-a585-cac6c6b9cf91
[2026-03-05 07:00:23] Transcript too small (       0 bytes), skipping processing
[2026-03-05 07:00:52] SessionStart: Injecting 14 memories
[2026-03-05 07:02:09] Stop hook fired. Session: 75c1d019-7833-4bb0-9fd9-77404aad360d
[2026-03-05 07:02:09] Transcript too small (       0 bytes), skipping processing
[2026-03-05 07:02:41] SessionStart: Injecting 14 memories
[2026-03-05 07:06:04] Stop hook fired. Session: 0338c05f-9525-41bb-8c75-ec05a15d9354
[2026-03-05 07:06:04] Transcript too small (       0 bytes), skipping processing
[2026-03-05 07:06:36] SessionStart: Injecting 14 memories
[2026-03-05 07:10:59] Stop hook fired. Session: 7112e162-4869-43d0-b2fe-9bd484b329d8
[2026-03-05 07:10:59] Transcript too small (       0 bytes), skipping processing
[2026-03-05 07:11:20] Stop hook fired. Session: f209239e-fe7c-4593-b303-299321d70158
[2026-03-05 07:11:20] Transcript too small (       0 bytes), skipping processing
[2026-03-05 07:11:25] SessionStart: Injecting 14 memories
[2026-03-05 07:11:44] SessionStart: Injecting 14 memories
[2026-03-05 07:21:54] SessionStart: Injecting 14 memories
[2026-03-05 07:22:30] SessionStart: Injecting 14 memories
[2026-03-05 07:22:45] SessionStart: Injecting 14 memories
[2026-03-05 07:26:07] Stop hook fired. Session: eee51945-e520-4138-8724-0920cf8369fc
[2026-03-05 07:26:07] Transcript too small (       0 bytes), skipping processing
[2026-03-05 07:26:12] Stop hook fired. Session: c66a5c57-eb3f-487c-8ce3-2a5b9f90b013
[2026-03-05 07:26:13] Transcript too small (       0 bytes), skipping processing
[2026-03-05 07:26:19] SessionStart: Injecting 14 memories
[2026-03-05 07:26:19] SessionStart: Injecting 14 memories
[2026-03-05 07:28:58] Stop hook fired. Session: accaf19c-970f-4633-8b13-0536a8a71aa7
[2026-03-05 07:28:58] Transcript too small (       0 bytes), skipping processing
[2026-03-05 07:29:10] SessionStart: Injecting 14 memories
[2026-03-05 07:31:15] Stop hook fired. Session: 7dfcae6d-2e50-4e82-8c73-f4a0281d61f0
[2026-03-05 07:31:15] Transcript too small (       0 bytes), skipping processing
[2026-03-05 07:31:27] SessionStart: Injecting 14 memories
[2026-03-05 07:33:13] Stop hook fired. Session: 3a6eb414-0a2f-4266-a3fb-11ae2de862ac
[2026-03-05 07:33:13] Transcript too small (       0 bytes), skipping processing
[2026-03-05 07:33:20] SessionStart: Injecting 14 memories
[2026-03-05 07:33:35] Stop hook fired. Session: 53b333ea-ca3f-49ff-8700-3990d0226bac
[2026-03-05 07:33:35] Transcript too small (       0 bytes), skipping processing
[2026-03-05 07:33:42] SessionStart: Injecting 14 memories
[2026-03-05 07:34:06] Stop hook fired. Session: ff07b77f-46cf-46ef-a0c9-3b07b0118f23
[2026-03-05 07:34:06] Transcript too small (       0 bytes), skipping processing
[2026-03-05 07:34:13] SessionStart: Injecting 14 memories
[2026-03-05 07:34:36] Stop hook fired. Session: 136dd1ed-82b0-456a-b95d-5e59bd641330
[2026-03-05 07:34:36] Transcript too small (       0 bytes), skipping processing
[2026-03-05 07:34:42] SessionStart: Injecting 14 memories
[2026-03-05 07:35:06] Stop hook fired. Session: 2575d2d0-050d-4d07-ae80-28806893bb9a
[2026-03-05 07:35:06] Transcript too small (       0 bytes), skipping processing
[2026-03-05 07:35:13] SessionStart: Injecting 14 memories
[2026-03-05 07:35:39] Stop hook fired. Session: 84676316-a938-4922-baff-7532be194aed
[2026-03-05 07:35:39] Transcript too small (       0 bytes), skipping processing
[2026-03-05 07:35:46] SessionStart: Injecting 14 memories
[2026-03-05 07:35:50] Stop hook fired. Session: 325d0aaa-95f2-4785-939b-51a07b452eab
[2026-03-05 07:35:50] Transcript too small (       0 bytes), skipping processing
[2026-03-05 07:36:02] SessionStart: Injecting 14 memories
[2026-03-05 07:36:08] Stop hook fired. Session: dd511a36-1ba5-44a4-bf20-51978759ac65
[2026-03-05 07:36:08] Transcript too small (       0 bytes), skipping processing
[2026-03-05 07:41:34] Stop hook fired. Session: 3e4f4701-083e-4db2-ab15-9e3e7261fbb3
[2026-03-05 07:41:34] Transcript too small (       0 bytes), skipping processing
[2026-03-05 07:41:45] SessionStart: Injecting 14 memories
[2026-03-05 07:48:56] Stop hook fired. Session: 935ff5f8-4b57-41e3-becf-4da299b7bb59
[2026-03-05 07:48:56] Transcript too small (       0 bytes), skipping processing
[2026-03-05 07:49:08] SessionStart: Injecting 14 memories
[2026-03-05 07:50:36] Stop hook fired. Session: 8ed0498c-5dac-493a-8fea-a4eea7ccd8bd
[2026-03-05 07:50:36] Transcript too small (       0 bytes), skipping processing
[2026-03-05 07:50:48] SessionStart: Injecting 14 memories
[2026-03-05 07:56:11] Stop hook fired. Session: f2cbefbc-6f6d-4766-9b15-1ddf7d070fe9
[2026-03-05 07:56:11] Transcript too small (       0 bytes), skipping processing
[2026-03-05 07:56:37] Stop hook fired. Session: 0816b6a4-cbed-4b8d-8f65-2805250d9fc2
[2026-03-05 07:56:37] Transcript too small (       0 bytes), skipping processing
[2026-03-05 07:56:49] SessionStart: Injecting 14 memories
[2026-03-05 08:04:16] Stop hook fired. Session: 0f36e9a2-d7d4-4304-800e-9e49beafe872
[2026-03-05 08:04:16] Transcript too small (       0 bytes), skipping processing
[2026-03-05 08:04:28] SessionStart: Injecting 14 memories
[2026-03-05 08:10:44] Stop hook fired. Session: af7c7721-e83c-46eb-8aa1-f5178b099ee4
[2026-03-05 08:10:44] Transcript too small (       0 bytes), skipping processing
[2026-03-05 08:10:57] SessionStart: Injecting 14 memories
[2026-03-05 08:17:00] Stop hook fired. Session: 6eaa5fda-8f6e-4f4c-a6a8-41b100beb88b
[2026-03-05 08:17:00] Transcript too small (       0 bytes), skipping processing
[2026-03-05 08:17:15] SessionStart: Injecting 14 memories
[2026-03-05 08:22:44] Stop hook fired. Session: 5e44bac7-a727-432c-bee4-4d70587a0d81
[2026-03-05 08:22:44] Transcript too small (       0 bytes), skipping processing
[2026-03-05 08:22:59] SessionStart: Injecting 14 memories
[2026-03-05 08:33:27] Stop hook fired. Session: 074e9ce0-341a-42d7-9a3a-16cb04b3a00f
[2026-03-05 08:33:27] Transcript too small (       0 bytes), skipping processing
[2026-03-05 08:33:39] SessionStart: Injecting 14 memories
[2026-03-05 08:40:09] Stop hook fired. Session: 37a388ee-c9e2-429c-b837-dfcd445f8b98
[2026-03-05 08:40:09] Transcript too small (       0 bytes), skipping processing
[2026-03-05 08:40:22] SessionStart: Injecting 14 memories
[2026-03-05 08:53:45] Stop hook fired. Session: 8872d5fe-b0e3-432e-a860-3d56305f0079
[2026-03-05 08:53:46] Transcript too small (       0 bytes), skipping processing
[2026-03-05 08:53:57] SessionStart: Injecting 14 memories
[2026-03-05 08:58:05] Stop hook fired. Session: 4324b174-3630-4da3-9844-7a1d97081394
[2026-03-05 08:58:06] Transcript too small (       0 bytes), skipping processing
[2026-03-05 08:58:19] SessionStart: Injecting 14 memories
[2026-03-05 09:03:55] Stop hook fired. Session: 797bb0d6-8985-4f43-ad17-db9760c473d1
[2026-03-05 09:03:55] Transcript too small (       0 bytes), skipping processing
[2026-03-05 09:04:10] SessionStart: Injecting 14 memories
[2026-03-05 09:07:24] Stop hook fired. Session: 8acb0b57-b7e5-4664-8e89-03ec494c6454
[2026-03-05 09:07:24] Transcript too small (       0 bytes), skipping processing
[2026-03-05 09:07:35] SessionStart: Injecting 14 memories
[2026-03-05 09:15:17] Stop hook fired. Session: 6c768446-30c1-4086-b9eb-5729163dcaee
[2026-03-05 09:15:17] Transcript too small (       0 bytes), skipping processing
[2026-03-05 09:15:29] SessionStart: Injecting 14 memories
[2026-03-05 09:20:22] Stop hook fired. Session: 4f171702-2988-47f9-9df9-595cfa029469
[2026-03-05 09:20:22] Transcript too small (       0 bytes), skipping processing
[2026-03-05 09:20:34] SessionStart: Injecting 14 memories
[2026-03-05 09:25:02] Stop hook fired. Session: c273d0f2-5056-4a50-91d4-77f0937d7c0b
[2026-03-05 09:25:02] Transcript too small (       0 bytes), skipping processing
[2026-03-05 09:25:13] SessionStart: Injecting 14 memories
[2026-03-05 09:29:58] Stop hook fired. Session: 121c1a25-72ab-49ff-90a5-8bfc905286c6
[2026-03-05 09:29:58] Transcript too small (       0 bytes), skipping processing
[2026-03-05 09:30:10] SessionStart: Injecting 14 memories
[2026-03-05 09:35:14] Stop hook fired. Session: c59083cc-da68-49ab-9837-c9859df618e7
[2026-03-05 09:35:14] Transcript too small (       0 bytes), skipping processing
[2026-03-05 09:35:26] SessionStart: Injecting 14 memories
[2026-03-05 09:43:06] Stop hook fired. Session: 5829ff0e-0e6b-42a8-b050-c97291b226ff
[2026-03-05 09:43:07] Transcript too small (       0 bytes), skipping processing
[2026-03-05 09:43:18] SessionStart: Injecting 14 memories
[2026-03-05 09:47:41] Stop hook fired. Session: 6fa67c18-57a4-403a-8310-1cbb0f5bb48b
[2026-03-05 09:47:41] Transcript too small (       0 bytes), skipping processing
[2026-03-05 09:47:53] SessionStart: Injecting 14 memories
[2026-03-05 09:52:32] Stop hook fired. Session: 4383c862-2ea0-41b2-9c70-e095a2c90cbf
[2026-03-05 09:52:32] Transcript too small (       0 bytes), skipping processing
[2026-03-05 09:52:44] SessionStart: Injecting 14 memories
[2026-03-05 09:58:25] Stop hook fired. Session: a45fa25e-b1cb-4f53-92b2-5a3b4d387717
[2026-03-05 09:58:25] Transcript too small (       0 bytes), skipping processing
[2026-03-05 09:58:36] SessionStart: Injecting 14 memories
[2026-03-05 10:04:52] Stop hook fired. Session: 8ad0f68f-f5d3-4379-bfb6-39d953f940ca
[2026-03-05 10:04:52] Transcript too small (       0 bytes), skipping processing
[2026-03-05 10:05:03] SessionStart: Injecting 14 memories
[2026-03-05 10:13:30] Stop hook fired. Session: c933f3ae-9664-4d5b-b7b1-0e26b1509c2c
[2026-03-05 10:13:30] Transcript too small (       0 bytes), skipping processing
[2026-03-05 10:13:42] SessionStart: Injecting 14 memories
[2026-03-05 10:24:22] Stop hook fired. Session: b443714f-54e0-45e1-bf84-d2cd4d962e5f
[2026-03-05 10:24:22] Transcript too small (       0 bytes), skipping processing
[2026-03-05 10:24:34] SessionStart: Injecting 14 memories
[2026-03-05 10:31:13] Stop hook fired. Session: 176c8621-db59-421e-ac08-bdf78db9fa3a
[2026-03-05 10:31:13] Transcript too small (       0 bytes), skipping processing
[2026-03-05 10:31:24] SessionStart: Injecting 14 memories
[2026-03-05 10:43:05] Stop hook fired. Session: 9a38959a-a61a-4cbf-871c-53a143e9ffdb
[2026-03-05 10:43:05] Transcript too small (       0 bytes), skipping processing
[2026-03-05 10:43:16] SessionStart: Injecting 14 memories
[2026-03-05 10:51:30] Stop hook fired. Session: 789fce0e-5eb8-4bca-8d47-bc2445ae6f4c
[2026-03-05 10:51:30] Transcript too small (       0 bytes), skipping processing
[2026-03-05 10:51:42] SessionStart: Injecting 14 memories
[2026-03-05 11:06:46] Stop hook fired. Session: 39f5154b-4f7f-408a-90e5-6113bc48501d
[2026-03-05 11:06:46] Transcript too small (       0 bytes), skipping processing
[2026-03-05 11:06:58] SessionStart: Injecting 14 memories
[2026-03-05 11:15:00] Stop hook fired. Session: 7f6fd802-d29a-458e-ad5a-cc74ef6456b4
[2026-03-05 11:15:00] Transcript too small (       0 bytes), skipping processing
[2026-03-05 11:15:11] SessionStart: Injecting 14 memories
[2026-03-05 11:31:24] Stop hook fired. Session: 37668a9e-5d45-436d-b047-de432c7f0a5a
[2026-03-05 11:31:24] Transcript too small (       0 bytes), skipping processing
[2026-03-05 11:31:35] SessionStart: Injecting 14 memories
[2026-03-05 11:40:55] Stop hook fired. Session: 8c4d2ef1-a37b-4524-af06-55284fdc07eb
[2026-03-05 11:40:55] Transcript too small (       0 bytes), skipping processing
[2026-03-05 11:41:07] SessionStart: Injecting 14 memories
[2026-03-05 11:46:59] Stop hook fired. Session: 179e38ed-2a66-4f7a-9852-936192d142ae
[2026-03-05 11:47:00] Transcript too small (       0 bytes), skipping processing
[2026-03-05 11:47:12] SessionStart: Injecting 14 memories
[2026-03-05 11:54:12] Stop hook fired. Session: 6472af30-3efc-4c34-b21e-48d735d04ceb
[2026-03-05 11:54:13] Transcript too small (       0 bytes), skipping processing
[2026-03-05 11:54:24] SessionStart: Injecting 14 memories
[2026-03-05 12:10:26] Stop hook fired. Session: 83cf4d05-393e-4463-9b4a-3ecdd9e6e69e
[2026-03-05 12:10:26] Transcript too small (       0 bytes), skipping processing
[2026-03-05 12:10:37] SessionStart: Injecting 14 memories
[2026-03-05 12:29:38] Stop hook fired. Session: 99c2f8fa-7f4d-4d08-ad8c-7e2423fbbf02
[2026-03-05 12:29:38] Transcript too small (       0 bytes), skipping processing
[2026-03-05 12:29:49] SessionStart: Injecting 14 memories
[2026-03-05 12:30:07] Stop hook fired. Session: 7d63a05b-8fde-40b2-83bb-a9d811e56438
[2026-03-05 12:30:07] Transcript too small (       0 bytes), skipping processing
[2026-03-05 12:30:18] SessionStart: Injecting 14 memories
[2026-03-05 12:30:33] Stop hook fired. Session: 53d7caa2-3340-48ed-afa2-1f9a26e39f00
[2026-03-05 12:30:33] Transcript too small (       0 bytes), skipping processing
[2026-03-05 12:30:45] SessionStart: Injecting 14 memories
[2026-03-05 12:31:09] Stop hook fired. Session: 811da83b-9c68-4fb4-b5cf-ff75cf1c5b4a
[2026-03-05 12:31:09] Transcript too small (       0 bytes), skipping processing
[2026-03-05 12:31:21] SessionStart: Injecting 14 memories
[2026-03-05 12:31:43] Stop hook fired. Session: 2f1311f6-07b6-402e-8054-e44a232e1c8d
[2026-03-05 12:31:43] Transcript too small (       0 bytes), skipping processing
