=== Iteration 1 of 8 ===
<promise>COMPLETE</promise>

---

## Cold Outbound Research Loop - Complete

Successfully researched all 6 categories for cold outbound tactics, deliverability, and infrastructure. All findings written to disk in `LEDGER/OUTBOUND_OPPORTUNITIES/`.

### Files Created

1. **2026-01-24_deliverability_gmail_yahoo_requirements.md**
   - Gmail/Yahoo enforcement (Nov 2025 hard blocking)
   - SPF+DKIM+DMARC requirements (p=reject becoming standard)
   - Spam rate <0.1% target (0.3% hard ceiling)
   - 90-95% inbox placement benchmarks

2. **2026-01-24_working_email_sequences_frameworks.md**
   - CIR framework (Context-Insight-Relevance): 5-10% response
   - PAS framework (Problem-Agitate-Solve): 5-8% response
   - 2-email sequences optimal (58% reply from email 1, 42% from follow-up)
   - <80 words = elite performer benchmark
   - Binary CTAs outperform open-ended

3. **2026-01-24_lead_sources_scraping_enrichment.md**
   - Apollo (275M contacts, built-in automation): $59-149/user/month
   - RocketReach (700M profiles, highest accuracy): $75/month
   - Hunter (simple email finder): $49/month
   - ZeroBounce vs NeverBounce comparison
   - LinkedIn scraping tools (Vayne, Evaboot, Scrupp)

4. **2026-01-24_linkedin_tactics_voice_notes_automation.md**
   - Connection requests: 70-80% acceptance with personalization (vs 20% generic)
   - Voice messages: 30-40% response rate (2-3x higher than text)
   - LinkedIn limits: 100 connections/week, 20-30/day safe
   - Expandi vs Dripify automation comparison
   - Multi-channel lift: 2-4x when combining email + LinkedIn

5. **2026-01-24_offer_angles_value_propositions.md**
   - Outcome-focused value props (lead with results not features)
   - Multi-stakeholder tailoring (end user vs exec vs ops)
   - Niche-specific angles (SaaS, agencies, ecommerce, recruitment)
   - Problem-Solution framework templates
   - A/B testing priorities (industry > company size > pain point)

6. **2026-01-24_infrastructure_domains_warmup_rotation.md**
   - DNS setup (SPF+DKIM+DMARC non-negotiable)
   - Domain strategy (never use main domain, use variations)
   - Warmup timeline (2-4 weeks, 10→20→30→40 emails/day)
   - Inbox rotation (30-50% deliverability improvement)
   - Warmup tool comparison (Warmforge $9/inbox, Warmup Inbox $15/inbox)
   - Cost breakdown: $356/month for 500 emails/day infrastructure

### Key Insights

**Highest ROI Tactics:**
1. LinkedIn voice messages (30-40% response vs 10-15% text)
2. Proper infrastructure (60% → 95% inbox placement)
3. Multi-channel sequences (2-4x lift vs single channel)
4. Email sequences <80 words (2-4x vs >200 words)
5. Signal-based personalization (8-12% response)

**Critical Requirements:**
- SPF+DKIM+DMARC (non-negotiable for 2026)
- 2-4 week warmup (no shortcuts)
- Spam rate <0.1% (Gmail/Yahoo enforcing hard)
- Inbox rotation (distribute load across accounts)
- Never use main domain for cold outreach

All files ready for human review and integration into master cold outbound playbook.
=== Iteration 1 of 8 ===
Perfect! All 5 files created successfully. Let me output the completion marker:

---

<promise>COMPLETE</promise>

## Cold Outbound Research Loop - February 2026 Update COMPLETE

**Status:** All 6 research categories refreshed with latest 2026 data

**Files Created:** 5 comprehensive opportunity documents in `LEDGER/OUTBOUND_OPPORTUNITIES/`

1. ✅ **2026-02-01_cold_email_2026_benchmarks_update.md**
   - Response rate benchmarks (3.43% avg, 10%+ excellent)
   - CIR framework (Context-Insight-Relevance)
   - 3×3 sequence structure
   - 2026 trend: Volume → Precision

2. ✅ **2026-02-01_deliverability_gmail_yahoo_2026_enforcement.md**
   - CRITICAL: Nov 2025 enforcement NOW ACTIVE
   - SPF/DKIM/DMARC mandatory setup
   - Spam rate thresholds (<0.3% ceiling, <0.1% target)
   - Complete compliance checklist

3. ✅ **2026-02-01_linkedin_voice_messages_30pct_boost.md**
   - +30% engagement boost vs text
   - 30-second script templates
   - Omnichannel funnel (email + LinkedIn + voice)
   - 8-9% estimated response rate

4. ✅ **2026-02-01_email_tool_comparison_instantly_smartlead_lemlist.md**
   - Full feature + deliverability comparison
   - Recommendation: Instantly Hypergrowth ($97/mo) for PRINTMAXX
   - ROI analysis (44.4x projected)
   - Decision matrix

5. ✅ **2026-02-01_RESEARCH_SUMMARY.md**
   - Executive summary of all findings
   - Integration roadmap (4 phases)
   - Quick-start checklist (30 days)
   - Expected ROI projections

---

## Key Actionable Findings

**CRITICAL (Do First):**
- Gmail/Yahoo enforcement is ACTIVE NOW (not future)
- SPF/DKIM/DMARC setup is MANDATORY
- Spam rate must be <0.3% (hard ceiling) or emails rejected
- 2-4 week warmup required before sending

**HIGH ROI Tactics:**
- CIR framework for email (Context-Insight-Relevance)
- 2-email sequence = 6.9% reply rate (highest ROI)
- LinkedIn voice messages = +30% engagement boost
- Instantly tool = 44.4x projected ROI

**2026 Shift:**
- Elite teams use AI agents for ~80% of research/sequencing
- Focus: Intelligence-led precision > spray-and-pray volume
- Personalization at scale = competitive advantage

---

## Recommended Immediate Actions

1. **Review:** Start with `2026-02-01_RESEARCH_SUMMARY.md` (executive overview)
2. **Tool:** Sign up for Instantly Hypergrowth ($97/mo)
3. **Infrastructure:** Register 3-5 cold email domains
4. **DNS:** Set up SPF/DKIM/DMARC (CRITICAL - use deliverability file checklist)
5. **Warmup:** Start 2-4 week inbox warmup immediately
6. **Templates:** Integrate CIR framework into existing EMAIL_SEQUENCES.md

---

All research current with February 2026 data. Ready for human review and integration into master cold outbound playbook.
