[2026-03-16T14:31:22.965888+00:00] === HN + PH scraper starting ===
[2026-03-16T14:31:23.117869+00:00] Loaded 14893 existing URLs for dedup.
[2026-03-16T14:31:23.118059+00:00] Fetching HN top stories (limit=60)...
[2026-03-16T14:33:49.692970+00:00] === HN + PH scraper starting ===
[2026-03-16T14:33:49.844852+00:00] Loaded 14893 existing URLs for dedup.
[2026-03-16T14:33:49.845035+00:00] Fetching HN top stories (limit=60)...
[2026-03-16T14:34:04.923526+00:00]   Got 59 top stories.
[2026-03-16T14:34:04.928208+00:00] Fetching HN Show HN stories (limit=40)...
[2026-03-16T14:34:21.979625+00:00] === HN + PH scraper starting ===
[2026-03-16T14:34:22.109026+00:00] Loaded 14893 existing URLs for dedup.
[2026-03-16T14:34:22.109255+00:00] Fetching HN top stories (limit=60)...
[2026-03-16T14:35:53.245811+00:00]   Got 40 Show HN stories.
[2026-03-16T14:35:53.253810+00:00] Fetching ProductHunt posts...
[2026-03-16T14:35:55.866146+00:00]   Got 0 PH posts.
[2026-03-16T14:35:55.866975+00:00] Total qualifying rows before dedup: 81
[2026-03-16T14:35:55.870504+00:00] Wrote 81 new rows to /Users/macbookpro/Documents/p/PRINTMAXX_STARTER_KITttttt/LEDGER/ALPHA_STAGING.csv
[2026-03-16T14:35:55.871052+00:00] === Done ===
[2026-03-16T14:36:32.342664+00:00]   Got 59 top stories.
[2026-03-16T14:36:32.346458+00:00] Fetching HN Show HN stories (limit=40)...
[2026-03-16T14:37:03.603648+00:00]   Got 59 top stories.
[2026-03-16T14:37:03.608909+00:00] Fetching HN Show HN stories (limit=40)...
[2026-03-16T14:38:19.661263+00:00]   Got 40 Show HN stories.
[2026-03-16T14:38:19.665910+00:00] Fetching ProductHunt posts...
[2026-03-16T14:38:22.130624+00:00]   Got 0 PH posts.
[2026-03-16T14:38:22.131265+00:00] Total qualifying rows before dedup: 81
[2026-03-16T14:38:22.136390+00:00] Wrote 81 new rows to /Users/macbookpro/Documents/p/PRINTMAXX_STARTER_KITttttt/LEDGER/ALPHA_STAGING.csv
[2026-03-16T14:38:22.136705+00:00] === Done ===
[2026-03-16T14:38:39.316901+00:00] === HN + PH scraper starting ===
[2026-03-16T14:38:39.453725+00:00] Loaded 14974 existing URLs for dedup.
[2026-03-16T14:38:39.453928+00:00] Fetching HN top stories (limit=60)...
[2026-03-16T14:38:50.837828+00:00]   Got 40 Show HN stories.
[2026-03-16T14:38:50.844112+00:00] Fetching ProductHunt posts...
[2026-03-16T14:38:53.308281+00:00]   Got 0 PH posts.
[2026-03-16T14:38:53.308864+00:00] Total qualifying rows before dedup: 81
[2026-03-16T14:38:53.312465+00:00] Wrote 81 new rows to /Users/macbookpro/Documents/p/PRINTMAXX_STARTER_KITttttt/LEDGER/ALPHA_STAGING.csv
[2026-03-16T14:38:53.313317+00:00] === Done ===
[2026-03-16T18:44:01.097127+00:00] === HN + PH scraper starting ===
[2026-03-16T18:44:01.190936+00:00] Loaded 15189 existing URLs for dedup.
[2026-03-16T18:44:01.191162+00:00] Fetching HN top stories (limit=60)...
[2026-03-16T18:46:47.596227+00:00]   Got 59 top stories.
[2026-03-16T18:46:47.597472+00:00] Fetching HN Show HN stories (limit=40)...
[2026-03-16T18:48:37.813921+00:00]   Got 39 Show HN stories.
[2026-03-16T18:48:37.815336+00:00] Fetching ProductHunt posts...
[2026-03-16T18:48:40.437804+00:00]   Got 0 PH posts.
[2026-03-16T18:48:40.438335+00:00] Total qualifying rows before dedup: 34
[2026-03-16T18:48:40.439680+00:00] Wrote 34 new rows to /Users/macbookpro/Documents/p/PRINTMAXX_STARTER_KITttttt/LEDGER/ALPHA_STAGING.csv
[2026-03-16T18:48:40.439794+00:00] === Done ===
[2026-03-16T21:22:46.186960+00:00] === HN + PH scraper starting ===
[2026-03-16T21:22:46.278875+00:00] Loaded 15550 existing URLs for dedup.
[2026-03-16T21:22:46.279071+00:00] Fetching HN top stories (limit=60)...
[2026-03-16T21:25:35.231820+00:00]   Got 59 top stories.
[2026-03-16T21:25:35.232471+00:00] Fetching HN Show HN stories (limit=40)...
[2026-03-16T21:27:27.299842+00:00]   Got 39 Show HN stories.
[2026-03-16T21:27:27.301001+00:00] Fetching ProductHunt posts...
[2026-03-16T21:27:30.022032+00:00]   Got 0 PH posts.
[2026-03-16T21:27:30.022703+00:00] Total qualifying rows before dedup: 20
[2026-03-16T21:27:30.023499+00:00] Wrote 20 new rows to /Users/macbookpro/Documents/p/PRINTMAXX_STARTER_KITttttt/LEDGER/ALPHA_STAGING.csv
[2026-03-16T21:27:30.023688+00:00] === Done ===
[2026-03-17T00:44:32.036897+00:00] === HN + PH scraper starting ===
[2026-03-17T00:44:32.106620+00:00] Loaded 15752 existing URLs for dedup.
[2026-03-17T00:44:32.106816+00:00] Fetching HN top stories (limit=60)...
[2026-03-17T00:45:16.500619+00:00]   Got 59 top stories.
[2026-03-17T00:45:16.504362+00:00] Fetching HN Show HN stories (limit=40)...
[2026-03-17T00:45:45.562911+00:00]   Got 39 Show HN stories.
[2026-03-17T00:45:45.567184+00:00] Fetching ProductHunt posts...
[2026-03-17T00:45:46.202047+00:00] WARN PH GraphQL returned 403
[2026-03-17T00:45:46.202730+00:00]   Got 0 PH posts.
[2026-03-17T00:45:46.202977+00:00] Total qualifying rows before dedup: 14
[2026-03-17T00:45:46.208923+00:00] Wrote 14 new rows to /Users/macbookpro/Documents/p/PRINTMAXX_STARTER_KITttttt/LEDGER/ALPHA_STAGING.csv
[2026-03-17T00:45:46.209408+00:00] === Done ===
[2026-03-17T10:28:26.169526+00:00] === HN + PH scraper starting ===
[2026-03-17T10:28:26.272341+00:00] Loaded 15886 existing URLs for dedup.
[2026-03-17T10:28:26.272521+00:00] Fetching HN top stories (limit=60)...
[2026-03-17T10:31:10.588538+00:00]   Got 59 top stories.
[2026-03-17T10:31:10.590603+00:00] Fetching HN Show HN stories (limit=40)...
[2026-03-17T10:33:03.756444+00:00]   Got 40 Show HN stories.
[2026-03-17T10:33:03.758314+00:00] Fetching ProductHunt posts...
[2026-03-17T10:33:06.318070+00:00]   Got 0 PH posts.
[2026-03-17T10:33:06.318302+00:00] Total qualifying rows before dedup: 22
[2026-03-17T10:33:06.319050+00:00] Wrote 22 new rows to /Users/macbookpro/Documents/p/PRINTMAXX_STARTER_KITttttt/LEDGER/ALPHA_STAGING.csv
[2026-03-17T10:33:06.319103+00:00] === Done ===
[2026-03-17T14:36:20.326101+00:00] === HN + PH scraper starting ===
[2026-03-17T14:38:49.098882+00:00] === HN + PH scraper starting ===
[2026-03-17T14:38:49.194929+00:00] Loaded 10759 existing URLs for dedup.
[2026-03-17T14:38:49.195119+00:00] Fetching HN top stories (limit=60)...
[2026-03-17T14:41:32.253539+00:00]   Got 59 top stories.
[2026-03-17T14:41:32.256063+00:00] Fetching HN Show HN stories (limit=40)...
[2026-03-17T14:43:22.049572+00:00]   Got 40 Show HN stories.
[2026-03-17T14:43:22.051547+00:00] Fetching ProductHunt posts...
[2026-03-17T14:43:24.685073+00:00]   Got 0 PH posts.
[2026-03-17T14:43:24.685518+00:00] Total qualifying rows before dedup: 22
[2026-03-17T14:43:24.686597+00:00] Wrote 22 new rows to /Users/macbookpro/Documents/p/PRINTMAXX_STARTER_KITttttt/LEDGER/ALPHA_STAGING.csv
[2026-03-17T14:43:24.686730+00:00] === Done ===
[2026-03-17T17:18:44.829504+00:00] === HN + PH scraper starting ===
[2026-03-17T17:18:45.199119+00:00] Loaded 11395 existing URLs for dedup.
[2026-03-17T17:18:45.199531+00:00] Fetching HN top stories (limit=60)...
[2026-03-17T17:21:02.828105+00:00] WARN fetch_json failed https://hacker-news.firebaseio.com/v0/item/47412841.json: HTTPSConnectionPool(host='hacker-news.firebaseio.com', port=443): Read timed out. (read timeout=10)
[2026-03-17T17:27:12.742759+00:00] WARN fetch_json failed https://hacker-news.firebaseio.com/v0/item/47415009.json: HTTPSConnectionPool(host='hacker-news.firebaseio.com', port=443): Read timed out. (read timeout=10)
[2026-03-17T17:27:12.817326+00:00] WARN fetch_json failed https://hacker-news.firebaseio.com/v0/item/47397822.json: HTTPSConnectionPool(host='hacker-news.firebaseio.com', port=443): Max retries exceeded with url: /v0/item/47397822.json (Caused by NameResolutionError("HTTPSConnection(host='hacker-news.firebaseio.com', port=443): Failed to resolve 'hacker-news.firebaseio.com' ([Errno 8] nodename nor servname provided, or not known)"))
[2026-03-17T17:27:12.828226+00:00] WARN fetch_json failed https://hacker-news.firebaseio.com/v0/item/47366766.json: HTTPSConnectionPool(host='hacker-news.firebaseio.com', port=443): Max retries exceeded with url: /v0/item/47366766.json (Caused by NameResolutionError("HTTPSConnection(host='hacker-news.firebaseio.com', port=443): Failed to resolve 'hacker-news.firebaseio.com' ([Errno 8] nodename nor servname provided, or not known)"))
[2026-03-17T17:27:12.838905+00:00] WARN fetch_json failed https://hacker-news.firebaseio.com/v0/item/47359010.json: HTTPSConnectionPool(host='hacker-news.firebaseio.com', port=443): Max retries exceeded with url: /v0/item/47359010.json (Caused by NameResolutionError("HTTPSConnection(host='hacker-news.firebaseio.com', port=443): Failed to resolve 'hacker-news.firebaseio.com' ([Errno 8] nodename nor servname provided, or not known)"))
[2026-03-17T17:27:12.843820+00:00] WARN fetch_json failed https://hacker-news.firebaseio.com/v0/item/47401734.json: HTTPSConnectionPool(host='hacker-news.firebaseio.com', port=443): Max retries exceeded with url: /v0/item/47401734.json (Caused by NameResolutionError("HTTPSConnection(host='hacker-news.firebaseio.com', port=443): Failed to resolve 'hacker-news.firebaseio.com' ([Errno 8] nodename nor servname provided, or not known)"))
[2026-03-17T17:27:12.855654+00:00] WARN fetch_json failed https://hacker-news.firebaseio.com/v0/item/47397857.json: HTTPSConnectionPool(host='hacker-news.firebaseio.com', port=443): Max retries exceeded with url: /v0/item/47397857.json (Caused by NameResolutionError("HTTPSConnection(host='hacker-news.firebaseio.com', port=443): Failed to resolve 'hacker-news.firebaseio.com' ([Errno 8] nodename nor servname provided, or not known)"))
[2026-03-17T17:27:12.860656+00:00] WARN fetch_json failed https://hacker-news.firebaseio.com/v0/item/47390345.json: HTTPSConnectionPool(host='hacker-news.firebaseio.com', port=443): Max retries exceeded with url: /v0/item/47390345.json (Caused by NameResolutionError("HTTPSConnection(host='hacker-news.firebaseio.com', port=443): Failed to resolve 'hacker-news.firebaseio.com' ([Errno 8] nodename nor servname provided, or not known)"))
[2026-03-17T17:27:12.863856+00:00] WARN fetch_json failed https://hacker-news.firebaseio.com/v0/item/47397593.json: HTTPSConnectionPool(host='hacker-news.firebaseio.com', port=443): Max retries exceeded with url: /v0/item/47397593.json (Caused by NameResolutionError("HTTPSConnection(host='hacker-news.firebaseio.com', port=443): Failed to resolve 'hacker-news.firebaseio.com' ([Errno 8] nodename nor servname provided, or not known)"))
[2026-03-17T17:27:12.878565+00:00] WARN fetch_json failed https://hacker-news.firebaseio.com/v0/item/47408368.json: HTTPSConnectionPool(host='hacker-news.firebaseio.com', port=443): Max retries exceeded with url: /v0/item/47408368.json (Caused by NameResolutionError("HTTPSConnection(host='hacker-news.firebaseio.com', port=443): Failed to resolve 'hacker-news.firebaseio.com' ([Errno 8] nodename nor servname provided, or not known)"))
[2026-03-17T17:27:12.882425+00:00] WARN fetch_json failed https://hacker-news.firebaseio.com/v0/item/47408441.json: HTTPSConnectionPool(host='hacker-news.firebaseio.com', port=443): Max retries exceeded with url: /v0/item/47408441.json (Caused by NameResolutionError("HTTPSConnection(host='hacker-news.firebaseio.com', port=443): Failed to resolve 'hacker-news.firebaseio.com' ([Errno 8] nodename nor servname provided, or not known)"))
[2026-03-17T17:27:12.887301+00:00] WARN fetch_json failed https://hacker-news.firebaseio.com/v0/item/47401901.json: HTTPSConnectionPool(host='hacker-news.firebaseio.com', port=443): Max retries exceeded with url: /v0/item/47401901.json (Caused by NameResolutionError("HTTPSConnection(host='hacker-news.firebaseio.com', port=443): Failed to resolve 'hacker-news.firebaseio.com' ([Errno 8] nodename nor servname provided, or not known)"))
[2026-03-17T17:27:12.892138+00:00] WARN fetch_json failed https://hacker-news.firebaseio.com/v0/item/47392084.json: HTTPSConnectionPool(host='hacker-news.firebaseio.com', port=443): Max retries exceeded with url: /v0/item/47392084.json (Caused by NameResolutionError("HTTPSConnection(host='hacker-news.firebaseio.com', port=443): Failed to resolve 'hacker-news.firebaseio.com' ([Errno 8] nodename nor servname provided, or not known)"))
[2026-03-17T17:27:12.894516+00:00] WARN fetch_json failed https://hacker-news.firebaseio.com/v0/item/47410349.json: HTTPSConnectionPool(host='hacker-news.firebaseio.com', port=443): Max retries exceeded with url: /v0/item/47410349.json (Caused by NameResolutionError("HTTPSConnection(host='hacker-news.firebaseio.com', port=443): Failed to resolve 'hacker-news.firebaseio.com' ([Errno 8] nodename nor servname provided, or not known)"))
[2026-03-17T17:27:12.905378+00:00] WARN fetch_json failed https://hacker-news.firebaseio.com/v0/item/47401042.json: HTTPSConnectionPool(host='hacker-news.firebaseio.com', port=443): Max retries exceeded with url: /v0/item/47401042.json (Caused by NameResolutionError("HTTPSConnection(host='hacker-news.firebaseio.com', port=443): Failed to resolve 'hacker-news.firebaseio.com' ([Errno 8] nodename nor servname provided, or not known)"))
[2026-03-17T17:27:12.909408+00:00] WARN fetch_json failed https://hacker-news.firebaseio.com/v0/item/47400261.json: HTTPSConnectionPool(host='hacker-news.firebaseio.com', port=443): Max retries exceeded with url: /v0/item/47400261.json (Caused by NameResolutionError("HTTPSConnection(host='hacker-news.firebaseio.com', port=443): Failed to resolve 'hacker-news.firebaseio.com' ([Errno 8] nodename nor servname provided, or not known)"))
[2026-03-17T17:27:12.914540+00:00] WARN fetch_json failed https://hacker-news.firebaseio.com/v0/item/47392510.json: HTTPSConnectionPool(host='hacker-news.firebaseio.com', port=443): Max retries exceeded with url: /v0/item/47392510.json (Caused by NameResolutionError("HTTPSConnection(host='hacker-news.firebaseio.com', port=443): Failed to resolve 'hacker-news.firebaseio.com' ([Errno 8] nodename nor servname provided, or not known)"))
[2026-03-17T17:27:12.918034+00:00] WARN fetch_json failed https://hacker-news.firebaseio.com/v0/item/47397797.json: HTTPSConnectionPool(host='hacker-news.firebaseio.com', port=443): Max retries exceeded with url: /v0/item/47397797.json (Caused by NameResolutionError("HTTPSConnection(host='hacker-news.firebaseio.com', port=443): Failed to resolve 'hacker-news.firebaseio.com' ([Errno 8] nodename nor servname provided, or not known)"))
[2026-03-17T17:27:12.946569+00:00]   Got 41 top stories.
[2026-03-17T17:27:12.970451+00:00] Fetching HN Show HN stories (limit=40)...
[2026-03-17T17:27:12.978636+00:00] WARN fetch_json failed https://hacker-news.firebaseio.com/v0/showstories.json: HTTPSConnectionPool(host='hacker-news.firebaseio.com', port=443): Max retries exceeded with url: /v0/showstories.json (Caused by NameResolutionError("HTTPSConnection(host='hacker-news.firebaseio.com', port=443): Failed to resolve 'hacker-news.firebaseio.com' ([Errno 8] nodename nor servname provided, or not known)"))
[2026-03-17T17:27:12.978985+00:00]   Got 0 Show HN stories.
[2026-03-17T17:27:12.979271+00:00] Fetching ProductHunt posts...
[2026-03-17T17:27:12.986521+00:00] WARN PH fetch failed: HTTPSConnectionPool(host='www.producthunt.com', port=443): Max retries exceeded with url: /frontend/graphql (Caused by NameResolutionError("HTTPSConnection(host='www.producthunt.com', port=443): Failed to resolve 'www.producthunt.com' ([Errno 8] nodename nor servname provided, or not known)")). Falling back to public RSS.
[2026-03-17T17:27:12.989049+00:00] ERR PH RSS fetch failed: HTTPSConnectionPool(host='www.producthunt.com', port=443): Max retries exceeded with url: /feed (Caused by NameResolutionError("HTTPSConnection(host='www.producthunt.com', port=443): Failed to resolve 'www.producthunt.com' ([Errno 8] nodename nor servname provided, or not known)"))
[2026-03-17T17:27:12.989171+00:00]   Got 0 PH posts.
[2026-03-17T17:27:12.989237+00:00] Total qualifying rows before dedup: 8
[2026-03-17T17:27:12.992185+00:00] Wrote 8 new rows to /Users/macbookpro/Documents/p/PRINTMAXX_STARTER_KITttttt/LEDGER/ALPHA_STAGING.csv
[2026-03-17T17:27:12.992356+00:00] === Done ===
[2026-03-17T19:33:24.930420+00:00] === HN + PH scraper starting ===
[2026-03-17T19:33:25.016692+00:00] Loaded 11607 existing URLs for dedup.
[2026-03-17T19:33:25.016926+00:00] Fetching HN top stories (limit=60)...
[2026-03-17T19:36:06.200086+00:00]   Got 59 top stories.
[2026-03-17T19:36:06.201955+00:00] Fetching HN Show HN stories (limit=40)...
[2026-03-17T19:37:53.897422+00:00]   Got 40 Show HN stories.
[2026-03-17T19:37:53.899792+00:00] Fetching ProductHunt posts...
[2026-03-17T19:37:56.575560+00:00]   Got 0 PH posts.
[2026-03-17T19:37:56.576021+00:00] Total qualifying rows before dedup: 24
[2026-03-17T19:37:56.577214+00:00] Wrote 24 new rows to /Users/macbookpro/Documents/p/PRINTMAXX_STARTER_KITttttt/LEDGER/ALPHA_STAGING.csv
[2026-03-17T19:37:56.577658+00:00] === Done ===
[2026-03-17T22:11:40.116001+00:00] === HN + PH scraper starting ===
[2026-03-17T22:11:40.207567+00:00] Loaded 11887 existing URLs for dedup.
[2026-03-17T22:11:40.207762+00:00] Fetching HN top stories (limit=60)...
[2026-03-17T22:14:25.293069+00:00]   Got 59 top stories.
[2026-03-17T22:14:25.294553+00:00] Fetching HN Show HN stories (limit=40)...
[2026-03-17T22:16:17.294024+00:00]   Got 40 Show HN stories.
[2026-03-17T22:16:17.296269+00:00] Fetching ProductHunt posts...
[2026-03-17T22:16:19.746163+00:00]   Got 0 PH posts.
[2026-03-17T22:16:19.747035+00:00] Total qualifying rows before dedup: 18
[2026-03-17T22:16:19.748055+00:00] Wrote 18 new rows to /Users/macbookpro/Documents/p/PRINTMAXX_STARTER_KITttttt/LEDGER/ALPHA_STAGING.csv
[2026-03-17T22:16:19.748235+00:00] === Done ===
[2026-03-18T10:28:07.177636+00:00] === HN + PH scraper starting ===
[2026-03-18T10:28:07.293572+00:00] Loaded 12308 existing URLs for dedup.
[2026-03-18T10:28:07.293731+00:00] Fetching HN top stories (limit=60)...
[2026-03-18T10:30:47.900483+00:00]   Got 59 top stories.
[2026-03-18T10:30:47.902108+00:00] Fetching HN Show HN stories (limit=40)...
[2026-03-18T10:32:43.529601+00:00]   Got 40 Show HN stories.
[2026-03-18T10:32:43.531606+00:00] Fetching ProductHunt posts...
[2026-03-18T10:32:46.147488+00:00]   Got 0 PH posts.
[2026-03-18T10:32:46.147673+00:00] Total qualifying rows before dedup: 37
[2026-03-18T10:32:46.148157+00:00] Wrote 37 new rows to /Users/macbookpro/Documents/p/PRINTMAXX_STARTER_KITttttt/LEDGER/ALPHA_STAGING.csv
[2026-03-18T10:32:46.148221+00:00] === Done ===
[2026-03-18T18:39:47.067410+00:00] === HN + PH scraper starting ===
[2026-03-18T18:39:47.177805+00:00] Loaded 12651 existing URLs for dedup.
[2026-03-18T18:39:47.178052+00:00] Fetching HN top stories (limit=60)...
[2026-03-18T18:42:36.560964+00:00]   Got 59 top stories.
[2026-03-18T18:42:36.563478+00:00] Fetching HN Show HN stories (limit=40)...
[2026-03-18T18:44:31.760293+00:00]   Got 40 Show HN stories.
[2026-03-18T18:44:31.763629+00:00] Fetching ProductHunt posts...
[2026-03-18T18:44:34.363829+00:00]   Got 0 PH posts.
[2026-03-18T18:44:34.364016+00:00] Total qualifying rows before dedup: 44
[2026-03-18T18:44:34.364821+00:00] Wrote 44 new rows to /Users/macbookpro/Documents/p/PRINTMAXX_STARTER_KITttttt/LEDGER/ALPHA_STAGING.csv
[2026-03-18T18:44:34.364922+00:00] === Done ===
[2026-03-19T00:56:27.148640+00:00] === HN + PH scraper starting ===
[2026-03-19T00:56:27.253158+00:00] Loaded 13001 existing URLs for dedup.
[2026-03-19T00:56:27.253339+00:00] Fetching HN top stories (limit=60)...
[2026-03-19T00:59:15.912019+00:00]   Got 59 top stories.
[2026-03-19T00:59:15.916263+00:00] Fetching HN Show HN stories (limit=40)...
[2026-03-19T01:01:05.902493+00:00]   Got 40 Show HN stories.
[2026-03-19T01:01:05.906175+00:00] Fetching ProductHunt posts...
[2026-03-19T01:01:08.653885+00:00]   Got 0 PH posts.
[2026-03-19T01:01:08.654885+00:00] Total qualifying rows before dedup: 22
[2026-03-19T01:01:08.655969+00:00] Wrote 22 new rows to /Users/macbookpro/Documents/p/PRINTMAXX_STARTER_KITttttt/LEDGER/ALPHA_STAGING.csv
[2026-03-19T01:01:08.656109+00:00] === Done ===
[2026-03-19T03:04:27.487388+00:00] === HN + PH scraper starting ===
[2026-03-19T03:04:27.587110+00:00] Loaded 13190 existing URLs for dedup.
[2026-03-19T03:04:27.587290+00:00] Fetching HN top stories (limit=60)...
[2026-03-19T03:07:07.588420+00:00]   Got 59 top stories.
[2026-03-19T03:07:07.590045+00:00] Fetching HN Show HN stories (limit=40)...
[2026-03-19T03:08:54.060576+00:00]   Got 40 Show HN stories.
[2026-03-19T03:08:54.061239+00:00] Fetching ProductHunt posts...
[2026-03-19T03:08:56.629488+00:00]   Got 0 PH posts.
[2026-03-19T03:08:56.630028+00:00] Total qualifying rows before dedup: 9
[2026-03-19T03:08:56.631516+00:00] Wrote 9 new rows to /Users/macbookpro/Documents/p/PRINTMAXX_STARTER_KITttttt/LEDGER/ALPHA_STAGING.csv
[2026-03-19T03:08:56.631710+00:00] === Done ===
[2026-03-19T05:41:25.398287+00:00] === HN + PH scraper starting ===
[2026-03-19T05:41:25.489383+00:00] Loaded 13283 existing URLs for dedup.
[2026-03-19T05:41:25.489570+00:00] Fetching HN top stories (limit=60)...
[2026-03-19T05:44:05.285855+00:00]   Got 59 top stories.
[2026-03-19T05:44:05.289492+00:00] Fetching HN Show HN stories (limit=40)...
[2026-03-19T05:45:50.146744+00:00]   Got 40 Show HN stories.
[2026-03-19T05:45:50.147881+00:00] Fetching ProductHunt posts...
[2026-03-19T05:45:52.685316+00:00]   Got 0 PH posts.
[2026-03-19T05:45:52.685753+00:00] Total qualifying rows before dedup: 13
[2026-03-19T05:45:52.686231+00:00] Wrote 13 new rows to /Users/macbookpro/Documents/p/PRINTMAXX_STARTER_KITttttt/LEDGER/ALPHA_STAGING.csv
[2026-03-19T05:45:52.686320+00:00] === Done ===
[2026-03-19T08:17:19.849388+00:00] === HN + PH scraper starting ===
[2026-03-19T08:17:19.951463+00:00] Loaded 13314 existing URLs for dedup.
[2026-03-19T08:17:19.951707+00:00] Fetching HN top stories (limit=60)...
[2026-03-19T08:20:00.789556+00:00]   Got 59 top stories.
[2026-03-19T08:20:00.792425+00:00] Fetching HN Show HN stories (limit=40)...
[2026-03-19T08:21:47.174671+00:00]   Got 40 Show HN stories.
[2026-03-19T08:21:47.176559+00:00] Fetching ProductHunt posts...
[2026-03-19T08:21:49.744131+00:00]   Got 0 PH posts.
[2026-03-19T08:21:49.744565+00:00] Total qualifying rows before dedup: 7
[2026-03-19T08:21:49.745295+00:00] Wrote 7 new rows to /Users/macbookpro/Documents/p/PRINTMAXX_STARTER_KITttttt/LEDGER/ALPHA_STAGING.csv
[2026-03-19T08:21:49.745486+00:00] === Done ===
[2026-03-19T10:37:39.201830+00:00] === HN + PH scraper starting ===
[2026-03-19T10:37:39.308518+00:00] Loaded 13411 existing URLs for dedup.
[2026-03-19T10:37:39.308727+00:00] Fetching HN top stories (limit=60)...
[2026-03-19T10:40:22.184843+00:00]   Got 59 top stories.
[2026-03-19T10:40:22.187854+00:00] Fetching HN Show HN stories (limit=40)...
[2026-03-19T10:42:10.965443+00:00]   Got 40 Show HN stories.
[2026-03-19T10:42:10.966636+00:00] Fetching ProductHunt posts...
[2026-03-19T10:42:13.567476+00:00]   Got 0 PH posts.
[2026-03-19T10:42:13.567960+00:00] Total qualifying rows before dedup: 2
[2026-03-19T10:42:13.568622+00:00] Wrote 2 new rows to /Users/macbookpro/Documents/p/PRINTMAXX_STARTER_KITttttt/LEDGER/ALPHA_STAGING.csv
[2026-03-19T10:42:13.568743+00:00] === Done ===
[2026-03-19T12:44:20.663698+00:00] === HN + PH scraper starting ===
[2026-03-19T12:44:20.770183+00:00] Loaded 13413 existing URLs for dedup.
[2026-03-19T12:44:20.770327+00:00] Fetching HN top stories (limit=60)...
[2026-03-19T12:47:15.258090+00:00]   Got 59 top stories.
[2026-03-19T12:47:15.261150+00:00] Fetching HN Show HN stories (limit=40)...
[2026-03-19T12:49:06.780503+00:00]   Got 40 Show HN stories.
[2026-03-19T12:49:06.783946+00:00] Fetching ProductHunt posts...
[2026-03-19T12:49:09.466882+00:00]   Got 0 PH posts.
[2026-03-19T12:49:09.467383+00:00] Total qualifying rows before dedup: 8
[2026-03-19T12:49:09.468513+00:00] Wrote 8 new rows to /Users/macbookpro/Documents/p/PRINTMAXX_STARTER_KITttttt/LEDGER/ALPHA_STAGING.csv
[2026-03-19T12:49:09.468700+00:00] === Done ===
[2026-03-19T14:52:35.945292+00:00] === HN + PH scraper starting ===
[2026-03-19T14:52:36.025201+00:00] Loaded 13511 existing URLs for dedup.
[2026-03-19T14:52:36.025435+00:00] Fetching HN top stories (limit=60)...
[2026-03-19T14:56:13.128839+00:00]   Got 59 top stories.
[2026-03-19T14:56:13.132252+00:00] Fetching HN Show HN stories (limit=40)...
[2026-03-19T14:58:32.871956+00:00]   Got 40 Show HN stories.
[2026-03-19T14:58:32.872872+00:00] Fetching ProductHunt posts...
[2026-03-19T14:58:35.528901+00:00]   Got 0 PH posts.
[2026-03-19T14:58:35.529223+00:00] Total qualifying rows before dedup: 16
[2026-03-19T14:58:35.530223+00:00] Wrote 16 new rows to /Users/macbookpro/Documents/p/PRINTMAXX_STARTER_KITttttt/LEDGER/ALPHA_STAGING.csv
[2026-03-19T14:58:35.530469+00:00] === Done ===
[2026-03-19T18:48:25.665254+00:00] === HN + PH scraper starting ===
[2026-03-19T18:48:25.745970+00:00] Loaded 13597 existing URLs for dedup.
[2026-03-19T18:48:25.746143+00:00] Fetching HN top stories (limit=60)...
[2026-03-19T18:49:55.718334+00:00] WARN fetch_json failed https://hacker-news.firebaseio.com/v0/item/47400192.json: HTTPSConnectionPool(host='hacker-news.firebaseio.com', port=443): Max retries exceeded with url: /v0/item/47400192.json (Caused by SSLError(SSLEOFError(8, '[SSL: UNEXPECTED_EOF_WHILE_READING] EOF occurred in violation of protocol (_ssl.c:1028)')))
[2026-03-19T18:51:16.756868+00:00]   Got 58 top stories.
[2026-03-19T18:51:16.759570+00:00] Fetching HN Show HN stories (limit=40)...
[2026-03-19T18:53:09.489281+00:00]   Got 40 Show HN stories.
[2026-03-19T18:53:09.492577+00:00] Fetching ProductHunt posts...
[2026-03-19T18:53:12.130338+00:00]   Got 0 PH posts.
[2026-03-19T18:53:12.131023+00:00] Total qualifying rows before dedup: 35
[2026-03-19T18:53:12.133284+00:00] Wrote 35 new rows to /Users/macbookpro/Documents/p/PRINTMAXX_STARTER_KITttttt/LEDGER/ALPHA_STAGING.csv
[2026-03-19T18:53:12.133928+00:00] === Done ===
[2026-03-20T07:00:25.258954+00:00] === HN + PH scraper starting ===
[2026-03-20T07:00:25.346729+00:00] Loaded 13768 existing URLs for dedup.
[2026-03-20T07:00:25.346978+00:00] Fetching HN top stories (limit=60)...
[2026-03-20T07:03:05.955479+00:00]   Got 60 top stories.
[2026-03-20T07:03:05.958008+00:00] Fetching HN Show HN stories (limit=40)...
[2026-03-20T07:04:56.966295+00:00]   Got 40 Show HN stories.
[2026-03-20T07:04:56.968790+00:00] Fetching ProductHunt posts...
[2026-03-20T07:04:59.595207+00:00]   Got 0 PH posts.
[2026-03-20T07:04:59.595901+00:00] Total qualifying rows before dedup: 36
[2026-03-20T07:04:59.602607+00:00] Wrote 36 new rows to /Users/macbookpro/Documents/p/PRINTMAXX_STARTER_KITttttt/LEDGER/ALPHA_STAGING.csv
[2026-03-20T07:04:59.602935+00:00] === Done ===
[2026-03-21T09:52:57.760169+00:00] === HN + PH scraper starting ===
[2026-03-21T09:52:57.839674+00:00] Loaded 13005 existing URLs for dedup.
[2026-03-21T09:52:57.840171+00:00] Fetching HN top stories (limit=60)...
[2026-03-21T09:55:41.209063+00:00]   Got 60 top stories.
[2026-03-21T09:55:41.213663+00:00] Fetching HN Show HN stories (limit=40)...
[2026-03-21T09:57:30.452637+00:00]   Got 40 Show HN stories.
[2026-03-21T09:57:30.500459+00:00] Fetching ProductHunt posts...
[2026-03-21T09:57:33.061956+00:00]   Got 0 PH posts.
[2026-03-21T09:57:33.062819+00:00] Total qualifying rows before dedup: 55
[2026-03-21T09:57:33.071638+00:00] Wrote 55 new rows to /Users/macbookpro/Documents/p/PRINTMAXX_STARTER_KITttttt/LEDGER/ALPHA_STAGING.csv
[2026-03-21T09:57:33.072037+00:00] === Done ===
[2026-03-21T11:59:05.230905+00:00] === HN + PH scraper starting ===
[2026-03-21T11:59:05.309439+00:00] Loaded 13060 existing URLs for dedup.
[2026-03-21T11:59:05.309638+00:00] Fetching HN top stories (limit=60)...
[2026-03-21T12:01:50.475644+00:00]   Got 60 top stories.
[2026-03-21T12:01:50.476526+00:00] Fetching HN Show HN stories (limit=40)...
[2026-03-21T12:03:42.132457+00:00]   Got 40 Show HN stories.
[2026-03-21T12:03:42.133540+00:00] Fetching ProductHunt posts...
[2026-03-21T12:03:44.666078+00:00]   Got 0 PH posts.
[2026-03-21T12:03:44.666538+00:00] Total qualifying rows before dedup: 5
[2026-03-21T12:03:44.669791+00:00] Wrote 5 new rows to /Users/macbookpro/Documents/p/PRINTMAXX_STARTER_KITttttt/LEDGER/ALPHA_STAGING.csv
[2026-03-21T12:03:44.670006+00:00] === Done ===
[2026-03-21T14:05:22.227851+00:00] === HN + PH scraper starting ===
[2026-03-21T14:05:22.307999+00:00] Loaded 13066 existing URLs for dedup.
[2026-03-21T14:05:22.308206+00:00] Fetching HN top stories (limit=60)...
[2026-03-21T14:08:04.100421+00:00]   Got 60 top stories.
[2026-03-21T14:08:04.168105+00:00] Fetching HN Show HN stories (limit=40)...
[2026-03-21T14:09:51.113821+00:00]   Got 40 Show HN stories.
[2026-03-21T14:09:51.115793+00:00] Fetching ProductHunt posts...
[2026-03-21T14:09:53.582105+00:00]   Got 0 PH posts.
[2026-03-21T14:09:53.634337+00:00] Total qualifying rows before dedup: 6
[2026-03-21T14:09:53.634986+00:00] Wrote 6 new rows to /Users/macbookpro/Documents/p/PRINTMAXX_STARTER_KITttttt/LEDGER/ALPHA_STAGING.csv
[2026-03-21T14:09:53.635111+00:00] === Done ===
[2026-03-21T16:12:51.347338+00:00] === HN + PH scraper starting ===
[2026-03-21T16:12:51.448673+00:00] Loaded 13190 existing URLs for dedup.
[2026-03-21T16:12:51.448928+00:00] Fetching HN top stories (limit=60)...
[2026-03-21T16:16:13.055883+00:00]   Got 60 top stories.
[2026-03-21T16:16:13.058063+00:00] Fetching HN Show HN stories (limit=40)...
[2026-03-21T16:18:21.290316+00:00]   Got 40 Show HN stories.
[2026-03-21T16:18:21.292463+00:00] Fetching ProductHunt posts...
[2026-03-21T16:18:23.920482+00:00]   Got 0 PH posts.
[2026-03-21T16:18:23.923075+00:00] Total qualifying rows before dedup: 14
[2026-03-21T16:18:23.924840+00:00] Wrote 14 new rows to /Users/macbookpro/Documents/p/PRINTMAXX_STARTER_KITttttt/LEDGER/ALPHA_STAGING.csv
[2026-03-21T16:18:23.925069+00:00] === Done ===
[2026-03-22T17:40:42.930600+00:00] === HN + PH scraper starting ===
[2026-03-22T17:40:43.018672+00:00] Loaded 13301 existing URLs for dedup.
[2026-03-22T17:40:43.018882+00:00] Fetching HN top stories (limit=60)...
[2026-03-22T17:41:22.559977+00:00]   Got 60 top stories.
[2026-03-22T17:41:22.680378+00:00] Fetching HN Show HN stories (limit=40)...
[2026-03-22T17:41:47.426291+00:00]   Got 40 Show HN stories.
[2026-03-22T17:41:47.511985+00:00] Fetching ProductHunt posts...
[2026-03-22T17:41:48.154742+00:00] WARN PH GraphQL returned 403
[2026-03-22T17:41:48.154933+00:00]   Got 0 PH posts.
[2026-03-22T17:41:48.154992+00:00] Total qualifying rows before dedup: 68
[2026-03-22T17:41:48.155745+00:00] Wrote 68 new rows to /Users/macbookpro/Documents/p/PRINTMAXX_STARTER_KITttttt/LEDGER/ALPHA_STAGING.csv
[2026-03-22T17:41:48.155846+00:00] === Done ===
[2026-03-23T05:13:51.824681+00:00] === HN + PH scraper starting ===
[2026-03-23T05:13:51.900587+00:00] Loaded 13974 existing URLs for dedup.
[2026-03-23T05:13:51.900817+00:00] Fetching HN top stories (limit=60)...
[2026-03-23T05:14:29.111135+00:00]   Got 59 top stories.
[2026-03-23T05:14:29.113904+00:00] Fetching HN Show HN stories (limit=40)...
[2026-03-23T05:14:54.468511+00:00]   Got 40 Show HN stories.
[2026-03-23T05:14:54.472426+00:00] Fetching ProductHunt posts...
[2026-03-23T05:14:55.087516+00:00] WARN PH GraphQL returned 403
[2026-03-23T05:14:55.088166+00:00]   Got 0 PH posts.
[2026-03-23T05:14:55.088514+00:00] Total qualifying rows before dedup: 41
[2026-03-23T05:14:55.090317+00:00] Wrote 41 new rows to /Users/macbookpro/Documents/p/PRINTMAXX_STARTER_KITttttt/LEDGER/ALPHA_STAGING.csv
[2026-03-23T05:14:55.090608+00:00] === Done ===
[2026-03-23T07:22:08.828870+00:00] === HN + PH scraper starting ===
[2026-03-23T07:22:08.904478+00:00] Loaded 14062 existing URLs for dedup.
[2026-03-23T07:22:08.904642+00:00] Fetching HN top stories (limit=60)...
[2026-03-23T07:22:48.930249+00:00]   Got 59 top stories.
[2026-03-23T07:22:48.933027+00:00] Fetching HN Show HN stories (limit=40)...
[2026-03-23T07:23:14.185020+00:00]   Got 40 Show HN stories.
[2026-03-23T07:23:14.188647+00:00] Fetching ProductHunt posts...
[2026-03-23T07:23:14.801095+00:00] WARN PH GraphQL returned 403
[2026-03-23T07:23:14.802145+00:00]   Got 0 PH posts.
[2026-03-23T07:23:14.802456+00:00] Total qualifying rows before dedup: 7
[2026-03-23T07:23:14.803205+00:00] Wrote 7 new rows to /Users/macbookpro/Documents/p/PRINTMAXX_STARTER_KITttttt/LEDGER/ALPHA_STAGING.csv
[2026-03-23T07:23:14.803435+00:00] === Done ===
[2026-03-24T22:20:28.907059+00:00] === HN + PH scraper starting ===
[2026-03-24T22:20:28.984598+00:00] Loaded 14130 existing URLs for dedup.
[2026-03-24T22:20:28.991411+00:00] Fetching HN top stories (limit=60)...
[2026-03-24T22:21:13.551088+00:00] WARN fetch_json failed https://hacker-news.firebaseio.com/v0/item/47507666.json: HTTPSConnectionPool(host='hacker-news.firebaseio.com', port=443): Max retries exceeded with url: /v0/item/47507666.json (Caused by SSLError(SSLEOFError(8, '[SSL: UNEXPECTED_EOF_WHILE_READING] EOF occurred in violation of protocol (_ssl.c:1010)')))
[2026-03-24T22:21:23.674081+00:00]   Got 58 top stories.
[2026-03-24T22:21:23.675640+00:00] Fetching HN Show HN stories (limit=40)...
[2026-03-24T22:21:49.116495+00:00]   Got 40 Show HN stories.
[2026-03-24T22:21:49.118430+00:00] Fetching ProductHunt posts...
[2026-03-24T22:21:50.027599+00:00] WARN PH GraphQL returned 403
[2026-03-24T22:21:50.027760+00:00]   Got 0 PH posts.
[2026-03-24T22:21:50.027804+00:00] Total qualifying rows before dedup: 79
[2026-03-24T22:21:50.028405+00:00] Wrote 79 new rows to /Users/macbookpro/Documents/p/PRINTMAXX_STARTER_KITttttt/LEDGER/ALPHA_STAGING.csv
[2026-03-24T22:21:50.028439+00:00] === Done ===
