🚀 DAILY REDDIT SCRAPER
⏰ 2026-02-03 17:08:45
============================================================
📋 30 subreddits to scrape

[1/30] 🔍 r/SideProject
  ✓ 0 actionable posts
[2/30] 🔍 r/EntrepreneurRideAlong
  ✓ 0 actionable posts
[3/30] 🔍 r/juststart
  ✓ 0 actionable posts
[4/30] 🔍 r/coldemail
  ✓ 0 actionable posts
[5/30] 🔍 r/indiehackers
  ✓ 0 actionable posts
[6/30] 🔍 r/AppBusiness
  ✓ 0 actionable posts
[7/30] 🔍 r/growthhacking
  ✓ 0 actionable posts
[8/30] 🔍 r/affiliatemarketing
  ✓ 0 actionable posts
[9/30] 🔍 r/SEO
  ✓ 0 actionable posts
[10/30] 🔍 r/bigseo
  ✓ 0 actionable posts
[11/30] 🔍 r/TwitchClippers
  ✓ 0 actionable posts
[12/30] 🔍 r/YouTubeClippers
  ✓ 0 actionable posts
[13/30] 🔍 r/Emailmarketing
  ✓ 0 actionable posts
[14/30] 🔍 r/SocialMediaMarketing
  ✓ 0 actionable posts
[15/30] 🔍 r/passive_income
  ✓ 0 actionable posts
[16/30] 🔍 r/InternetIsBeautiful
  ✓ 0 actionable posts
[17/30] 🔍 r/Entrepreneur
  ✓ 0 actionable posts
[18/30] 🔍 r/productivity
  ✓ 0 actionable posts
[19/30] 🔍 r/smallbusiness
  ✓ 0 actionable posts
[20/30] 🔍 r/startups
  ✓ 0 actionable posts
[21/30] 🔍 r/SaaS
  ✓ 0 actionable posts
[22/30] 🔍 r/startup
  ✓ 0 actionable posts
[23/30] 🔍 r/thesidehustle
  ✓ 0 actionable posts
[24/30] 🔍 r/MicroSaas
  ✓ 0 actionable posts
[25/30] 🔍 r/ycombinator
  ✓ 0 actionable posts
[26/30] 🔍 r/GrowthHacking
  ✓ 0 actionable posts
[27/30] 🔍 r/buildinpublic
  ✓ 0 actionable posts
[28/30] 🔍 r/micro_saas
  ✓ 0 actionable posts
[29/30] 🔍 r/Solopreneur
  ✓ 0 actionable posts
[30/30] 🔍 r/AlphaandBetaUsers
  ✓ 0 actionable posts

📊 Total actionable posts: 0

✓ No new posts (all already in CSV)

✅ DAILY REDDIT SCRAPE COMPLETE
📁 Check: /Users/macbookpro/Documents/p/PRINTMAXX_STARTER_KITttttt/LEDGER/ALPHA_STAGING.csv
